    OpenRGB v0.9+ (git1357)
    Commit: a5acd5f3229d9b4160e6cbf4400c038e96de1f01 from 2025-06-15 22:04:01 -0500
    Launched: 20250617_133821
====================================================================================================

0     |Info:    [ProfileManager] Found file: Skibbidi.orp attempting to validate header
0     |Info:    [ProfileManager] Valid v5 profile found for Skibbidi
0     |Info:    [ProfileManager] Found file: main.orp attempting to validate header
0     |Info:    [ProfileManager] Valid v5 profile found for main
193   |Info:    [ResourceManager] Calling Post-detection callbacks
193   |Info:    ------------------------------------------------------
193   |Info:    |                Detection completed                 |
193   |Info:    ------------------------------------------------------
194   |Warning: [PluginManager] Plugin /home/vearnx/.config/OpenRGB/plugins/OpenRGBEffectsPlugin_0.9_Bookworm_64_f1411e1.so cannot be loaded: Cannot load library /home/vearnx/.config/OpenRGB/plugins/OpenRGBEffectsPlugin_0.9_Bookworm_64_f1411e1.so: (libopenal.so.1: cannot open shared object file: No such file or directory)
194   |Warning: [PluginManager] Plugin /home/vearnx/.config/OpenRGB/plugins/OpenRGBEffectsPlugin_0.9_Bookworm_64_f1411e1.so cannot be instantiated.
202   |Warning: [PluginManager] Plugin /home/vearnx/.config/OpenRGB/plugins/libOpenRGBEffectsPlugin.so cannot be loaded: Cannot load library /home/vearnx/.config/OpenRGB/plugins/libOpenRGBEffectsPlugin.so: (libopenal.so.1: cannot open shared object file: No such file or directory)
202   |Warning: [PluginManager] Plugin /home/vearnx/.config/OpenRGB/plugins/libOpenRGBEffectsPlugin.so cannot be instantiated.
2890  |Info:    [ResourceManager] Saving detector settings
2891  |Info:    [ResourceManager] Calling Post-detection callbacks
2891  |Info:    ------------------------------------------------------
2891  |Info:    |                Detection completed                 |
2891  |Info:    ------------------------------------------------------
4242  |Info:    [ResourceManager] Calling Post-detection callbacks
4242  |Info:    ------------------------------------------------------
4242  |Info:    |                Detection completed                 |
4242  |Info:    ------------------------------------------------------
5534  |Info:    [ResourceManager] Calling Post-detection callbacks
5534  |Info:    ------------------------------------------------------
5534  |Info:    |                Detection completed                 |
5534  |Info:    ------------------------------------------------------
6136  |Info:    [ResourceManager] Calling Post-detection callbacks
6136  |Info:    ------------------------------------------------------
6136  |Info:    |                Detection completed                 |
6136  |Info:    ------------------------------------------------------
