    OpenRGB v0.9
    Commit:  from 
    Launched: 20250617_124111
====================================================================================================

0     |Info:    Found file: Skibbidi.orp attempting to validate header
0     |Warning: Profile Skibbidi.orp isn't valid for current version (v5, expected v4 at most)
0     |Info:    Found file: main.orp attempting to validate header
0     |Warning: Profile main.orp isn't valid for current version (v5, expected v4 at most)
1001  |Info:    ------------------------------------------------------
1001  |Info:    |               Start device detection               |
1001  |Info:    ------------------------------------------------------
1002  |Info:    Initializing HID interfaces: Success
1007  |Info:    ------------------------------------------------------
1007  |Info:    |             Detecting I2C interfaces               |
1007  |Info:    ------------------------------------------------------
1007  |Info:    Registering I2C interface: /dev/i2c-3 Device 1002:747E Subsystem: 1458:2413
1007  |Info:    Registering I2C interface: /dev/i2c-1 Device 1002:747E Subsystem: 1458:2413
1007  |Info:    Registering I2C interface: /dev/i2c-17 Device 1022:790B Subsystem: 1462:7E26
1007  |Warning: [i2c_smbus_linux] Failed to read i2c device PCI device ID
1007  |Info:    Registering I2C interface: /dev/i2c-15 Device 0000:0000 Subsystem: 0000:0000
1007  |Info:    Registering I2C interface: /dev/i2c-13 Device 1002:164E Subsystem: 1462:7E26
1007  |Info:    Registering I2C interface: /dev/i2c-11 Device 1002:164E Subsystem: 1462:7E26
1007  |Info:    Registering I2C interface: /dev/i2c-0 Device 0000:0000 Subsystem: 0000:0000
1007  |Warning: [i2c_smbus_linux] Failed to read i2c device PCI device ID
1007  |Info:    Registering I2C interface: /dev/i2c-9 Device 0000:0000 Subsystem: 0000:0000
1008  |Info:    Registering I2C interface: /dev/i2c-7 Device 1002:747E Subsystem: 1458:2413
1008  |Info:    Registering I2C interface: /dev/i2c-5 Device 1002:747E Subsystem: 1458:2413
1008  |Info:    ------------------------------------------------------
1008  |Info:    |               Detecting I2C devices                |
1008  |Info:    ------------------------------------------------------
1032  |Warning: [PluginManager] Plugin /home/vearnx/.config/OpenRGB/plugins/libOpenRGBVisualMapPlugin.so has an incompatible API version
1293  |Info:    ------------------------------------------------------
1293  |Info:    |               Detecting I2C PCI devices            |
1293  |Info:    ------------------------------------------------------
1294  |Info:    ------------------------------------------------------
1294  |Info:    |               Detecting HID devices                |
1294  |Info:    ------------------------------------------------------
1294  |Info:    ------------------------------------------------------
1294  |Info:    |            Detecting libusb HID devices            |
1294  |Info:    ------------------------------------------------------
1300  |Info:    ------------------------------------------------------
1300  |Info:    |              Detecting other devices               |
1300  |Info:    ------------------------------------------------------
1306  |Info:    ------------------------------------------------------
1306  |Info:    |                Detection completed                 |
1306  |Info:    ------------------------------------------------------
1306  |Dialog:  <h2>WARNING:</h2><p>The OpenRGB udev rules are not installed.</p><p>Most devices will not be available unless running OpenRGB as root.</p><p>If using AppImage, Flatpak, or self-compiled versions of OpenRGB you must install the udev rules manually</p><p>See <a href='https://openrgb.org/udev'>https://openrgb.org/udev</a> to install the udev rules manually</p>
