Log: Log file open, 14/04/2025 16:20:47
Log: GPsyonixBuildID 250319.60456.478365
Log: Command line: -AUTH_LOGIN=unused -AUTH_PASSWORD= -AUTH_TYPE=exchangecode -epicapp=Sugar -epicenv=Prod -EpicPortal -epicusername=GambleGod777 -epicuserid=450f5cd6696b492fa38e8f26e8acd936 -epiclocale=en -epicsandboxid=9773aa1aa54f4f7b80e44bef04986cea
Init: WinSock: version 1.1 (2.2), MaxSocks=32767, MaxUdp=65467
Log:  ... running in INSTALLED mode
Init: Language extension: INT
Init: Language extension: INT
DevConfig: GConfig::LoadFile associated file:  ..\..\TAGame\Config\TAUI.ini
Init: Version: 250319.60456.478365
Init: Compiled (64-bit): Mar 19 2025 17:18:48
Init: Command line: -AUTH_LOGIN=unused -AUTH_PASSWORD= -AUTH_TYPE=exchangecode -epicapp=Sugar -epicenv=Prod -EpicPortal -epicusername=GambleGod777 -epicuserid=450f5cd6696b492fa38e8f26e8acd936 -epiclocale=en -epicsandboxid=9773aa1aa54f4f7b80e44bef04986cea
Init: Base directory: Z:\mnt\windows\Linux-games\rocketleague\rocketleague\Binaries\Win64\
[0001.17] Log: Purging 30-day cache '..\..\TAGame\Cache\WebCache\*.*'...
[0001.18] Log: Purging 3-day cache '..\..\TAGame\Logs\*.log'...
[0001.18] Init: Computer: archlinux
[0001.18] Init: User: steamuser
[0001.18] Init: CPU Page size=4096, Processors=12
[0001.18] Init: High frequency timer resolution =10.000000 MHz
[0001.18] Init: Memory total: Physical=30.5GB (31GB approx) Pagefile=34.5GB Virtual=131072.0GB
[0001.18] Init: Presizing for 138000 objects not considered by GC, pre-allocating 0 bytes.
[0001.18] Init: Object subsystem initialized
[0002.78] Log: Using feature set PrimeUpdate54
[0002.84] Log: FOnlineSubsystemEOS: EOS version = 1.17.22-40344262
[0002.84] DevOnline: EOS Platform CacheDirectory=C:\users\steamuser\AppData\Local\Rocket League\
[0002.84] DevOnline: EOSSDK-LogEOSOverlay: OverlayPath registry key not found
[0002.84] DevOnline: EOSSDK-LogEOSOverlay: Failed to initialize overlay module: PATH_NOT_CONFIGURED
[0002.84] DevOnline: EOSSDK-LogEOSAuth: FAccountPortalBrowserManager::Init: Failed to register overlay: EOS_NotConfigured
[0002.84] DevOnline: EOSSDK-LogEOSUI: Hot key event ignored because there are no known users.
[0002.85] Log: FEOSManager::UpdateNetworkStatus OnlineSubsystem is null.
[0002.91] Log: Found D3D11 adapter 0: AMD Radeon RX 7800 XT (RADV NAVI32)
[0002.91] Log: Adapter has 16368MB of dedicated video memory, 0MB of dedicated system memory, and 15592MB of shared system memory
[0002.95] Log: Found D3D11 adapter 1: AMD Radeon Graphics (RADV RAPHAEL_MENDOCINO)
[0002.95] Log: Adapter has 512MB of dedicated video memory, 0MB of dedicated system memory, and 10736MB of shared system memory
[0002.98] Log: Shader platform (RHI): PC-D3D-SM5
[0003.03] Breadcrumbs: Startup_PreInit: 3.027
[0003.04] Breadcrumbs: Startup_LoadGlobalShaders: 0.010
[0006.96] Log: ProductDatabase_TA::InitProductLabels  0.01 sec total.
[0008.55] Log: ProductDatabase_TA::UpdateAvailableProducts  1.59 sec total.
[0008.58] Breadcrumbs: Startup_LoadScriptPackages: 5.546
[0008.96] Breadcrumbs: Startup_LoadNonNativePackages: 0.379
[0008.97] Log: 148458 objects as part of root set at end of initial load.
[0008.97] Log: 0 out of 0 bytes used by permanent object pool.
[0008.97] Log: ShaderCache load stats: AccumLoadSeconds=(1.619) ShadersLoaded=(420973) Duplicates=(27846)
[0008.97] Log: Initializing Engine...
[0008.97] Log: BuildID: 1512972997 from GPsyonixBuildID
[0009.04] SystemSettings: Loading PC Settings
[0009.05] Breadcrumbs: Startup_BuildGuidCache: 0.092
[0009.07] Log: Running hardware survey...
[0009.07] Log: Wwise(R) SDK Version 2019.1.11 Build 7296. Copyright (c) 2006-2012 Audiokinetic Inc. / All Rights Reserved.
[0009.16] Log: OS: Microsoft Windows 10 Pro  (19043)
[0009.16] Breadcrumbs: Startup_ClientInit: 0.105
[0009.17] Log: WinSAT: 8.0 [8.0 CPU, 8.0 2D, 8.0 3D, 8.0 Mem, 8.0 Disk]
[0010.44] Log: Processor: AMD Ryzen 5 7600X 6-Core Processor (AMD64 Family 25 Model 97 Stepping 2) 6 Cores, 12 Threads
[0010.44] Log: Memory: 30.45GB
[0010.44] Log: VideoController: AMD Radeon RX 7800 XT (RADV NAVI32) (31.0.21902.5)
[0010.44] Log: Network Adapter: enp14s0
[0010.44] Log: Network Adapter: wlan0
[0010.44] Log: Network Adapter: docker0
[0010.44] Log: Network Adapter: vethbe1a284
[0010.44] Error: HardwareTest Query for SELECT Caption, Size, FreeSpace FROM Win32_LogicalDisk WHERE MediaType = 12 failed.  Error code: 0x80041001
[0010.44] Log: Sound Device: Wine Audio Device
[0010.44] Log: Hardware survey complete in 0.41 seconds.
[0010.44] Breadcrumbs: Startup_CreateViewport: 1.280
[0010.44] DevOnline: Created named interface (RecentPlayersList) of type (Engine.OnlineRecentPlayersList)
[0010.44] DevOnline: EOSSDK-LogEOSRTC: EOS_RTCAudio_GetAudioInputDevicesCount is deprecated. Use EOS_RTCAudio_QueryInputDevicesInformation with EOS_RTCAudio_GetInputDevicesCount instead.
[0010.47] DevOnline: EOSSDK-LogEOSRTC: EOS_RTCAudio_GetAudioInputDeviceByIndex is deprecated. Use EOS_RTCAudio_QueryInputDevicesInformation with EOS_RTCAudio_CopyInputDeviceInformationByIndex instead.
[0010.47] DevOnline: EOSSDK-LogEOSRTC: EOS_RTCAudio_GetAudioOutputDevicesCount is deprecated. Use EOS_RTCAudio_QueryOutputDevicesInformation with EOS_RTCAudio_GetOutputDevicesCount instead.
[0010.47] DevOnline: EOSSDK-LogEOSRTC: EOS_RTCAudio_GetAudioOutputDeviceByIndex is deprecated. Use EOS_RTCAudio_QueryOutputDevicesInformation with EOS_RTCAudio_CopyOutputDeviceInformationByIndex instead.
[0010.47] EOSGameClips: EOSGameClips: Activate called successfully.
[0010.47] EOSGameClips: EOSGameClips: Audio initialized successfully.
[0010.47] EOSGameClips: EOSGameClips: Subscribed to game clips status events successfully.
[0010.47] EOSGameClips: EOSGameClips: Subscribed to user status events successfully.
[0010.47] EOSGameClips: EOSGameClips: Successfully initialized!
[0010.47] ScriptLog: PsyNet using environment DBE_Production Prod
[0010.47] PsyNet: PsyNetConnection_X_0 disabled OSCS_ServiceUnavailable
[0010.47] PsyNetStaticData: HandleCacheExpired
[0010.47] PsyNetStaticData: HandleGetURL URL=(https://config.psynet.gg/v2/Config/BattleCars/1512972997/Prod/Epic/INT/)
[0010.47] PsyNetStaticData: Blocking sync start
[0010.47] DevOnline: WebRequest_X_0 SEND: https://config.psynet.gg/v2/Config/BattleCars/1512972997/Prod/Epic/INT/
[0010.64] DevOnline: WebRequest_X_0 RECV: 304 
[0010.64] PsyNetStaticData: Blocking sync complete. Elapsed=0.1752
[0010.64] PsyNetStaticData: HandleDataChanged
[0010.65] ScriptWarning: ScriptWarning, Assertion failed, line 36
	ContentConfig_TA Transient.Untitled_0.ContentConfig
	Function ProjectX.ContentConfig_X:Apply:01D5
Script call stack:
	Function ProjectX.OnlineConfigDispatcher_X:ApplyConfigObject
	Function TAGame.ContentConfig_TA:Apply
	Function ProjectX.ContentConfig_X:Apply

[0010.65] ScriptWarning: ScriptWarning, Assertion failed, line 36
	ContentConfig_TA Transient.Untitled_0.ContentConfig
	Function ProjectX.ContentConfig_X:Apply:01D5
Script call stack:
	Function ProjectX.OnlineConfigDispatcher_X:ApplyConfigObject
	Function TAGame.ContentConfig_TA:Apply
	Function ProjectX.ContentConfig_X:Apply

[0010.65] ScriptWarning: ScriptWarning, Assertion failed, line 36
	ContentConfig_TA Transient.Untitled_0.ContentConfig
	Function ProjectX.ContentConfig_X:Apply:01D5
Script call stack:
	Function ProjectX.OnlineConfigDispatcher_X:ApplyConfigObject
	Function TAGame.ContentConfig_TA:Apply
	Function ProjectX.ContentConfig_X:Apply

[0010.65] ScriptWarning: ScriptWarning, Assertion failed, line 36
	ContentConfig_TA Transient.Untitled_0.ContentConfig
	Function ProjectX.ContentConfig_X:Apply:01D5
Script call stack:
	Function ProjectX.OnlineConfigDispatcher_X:ApplyConfigObject
	Function TAGame.ContentConfig_TA:Apply
	Function ProjectX.ContentConfig_X:Apply

[0012.25] Log: ProductDatabase_TA::UpdateAvailableProducts  1.60 sec total.
[0022.36] Log: ProductDatabase_TA::InitProductLabels  0.01 sec total.
[0022.36] PsyNet: PsyNetConnection_X_0 enabled
[0022.36] PsyNetStaticData: UpdateCacheTimerEnabled CacheTimer.bEnabled=(True)
[0022.36] EOSGameClips: Construct Constructed EOSGameClipsManager_TA. Self=(EOSGameClipsManager_TA_0)
[0022.37] AuthPsyNetVerbose: New auth error. Error 'OSCS_NotConnected'
[0022.37] AuthPsyNetVerbose: OnlinePlayerAuthentication_TA_0 None Unknown|0|0 Logout
[0022.37] PsyNet: PsyNetConnection_X_1 disabled OSCS_NotConnected
[0022.37] AuthPsyNetVerbose: PsyNet connection status changed. Error 'OSCS_NotConnected'
[0022.37] AuthPsyNetVerbose: New auth error. Error 'OSCS_NotConnected'
[0022.37] AuthPsyNetVerbose: OnlinePlayerAuthentication_TA_0 LoggedOut Unknown|0|0 Logout
[0022.37] AuthPlatformCritical: Initiating auth. Player num '0', Name '', Password length '0'
[0022.37] ScriptLog: HandleBlockListStatusCreated Status=(PlatformBlockListStatus_0) ControllerId=(0)
[0022.37] AuthEpicCritical: Sending Eos login request with Credentials '{Version '4', Id Length '0', Token Length '0', Type 'EOS_LCT_ExchangeCode', SystemAuthCredentialsOptions null? 'Null', ExternalType 'EOS_ECT_EPIC'}'
[0022.37] DevOnline: EOSSDK-LogEOSAuth: Invalid parameter EOS_Auth_Credentials.Token reason: must not be null or empty
[0022.37] SaveGame: Load Player.ControllerId=(0) SaveFileName=(..\..\TAGame\SaveDataEpic\DBE_Production\450f5cd6696b492fa38e8f26e8acd936.save)
[0022.38] Breadcrumbs: Startup_InitOnlineSubsystem: 11.942
[0022.38] DevNet: Browse: MENU_Main_p
[0022.39] Log: LoadMap: MENU_Main_p
[0022.39] Exit: XAudio2 Device shut down.
[0022.41] Log: Fully load package: ..\..\TAGame\CookedPCConsole\GameInfo_GFxMenu_SF.upk
[0022.48] Log: Fully load package: ..\..\TAGame\CookedPCConsole\GFxSounds_MainMenu_SF.upk
[0022.49] Log: Fully load package: ..\..\TAGame\CookedPCConsole\GFX_StartMenu_SF.upk
[0022.56] Log: Fully load package: ..\..\TAGame\CookedPCConsole\GFX_MainMenu_SF.upk
[0022.65] Log: Game class is 'GameInfo_GFxMenu_TA'
[0022.68] Log: Bringing World menu_main_p.TheWorld up for play (0) at 2025.04.14-16.21.09
[0022.68] Log: Flushing async loaders.
[0022.88] Log: Flushed async loaders.
[0022.89] Log: Bringing up level for play took: 0.220996
[0023.20] Log: ########### Finished loading level: 0.810512 seconds
[0023.26] Breadcrumbs: Startup_Browse: 0.881
[0023.26] Log: Initializing Engine Completed
[0023.27] Breadcrumbs: Startup_Total: 23.265
[0023.29] AuthEpicCritical: Eos login result 'EOS_InvalidParameters' for player '0'
[0023.29] AuthPlatformCritical: Login failed for player '0' with error 'OSCS_ServiceUnavailable'
[0023.29] DevOnline: WebRequest_X_1 SEND: https://rl-cdn.psyonix.com/LogoImages/S18/rl_s18_logo_en_fuwi.png
[0023.30] SaveGame: HandleDataLoaded Result.Code=(BasicLoadResult_Success)
[0023.30] ScriptLog: NetworkSave_TA_0 ApplySettings ReplicationRate=60 NetSpeed=15000 InputRate=60
[0023.54] SaveData: Profile_TA_0 OnLoaded LocalID=(0)
[0023.54] SaveData: Profile_TA_1 OnLoaded LocalID=(1)
[0023.54] ScriptLog: GetDLCProducts, UnlockedDLCList=
[0023.67] ScriptLog: GetDLCProducts, UnlockedDLCList=
[0023.67] SaveGame: LocalPlayer_TA_0 HandleSaveDataLoaded 
[0023.88] Log: 


BakkesMod loaded


[0024.06] FTECritical: [GFx] Changed active tutorial from 'null' to 'NONE'. Tutorial active? 'false', New checkpoint active? 'false'
[0024.06] FTEVerbose: Checkpoint 'None' attempted completion while the FTE isn't active!
[0024.10] Log: Flushing async loaders.
[0024.50] Log: Flushed async loaders.
[0025.18] Log: Octree Warning (AddPrimitive): StaticMeshActor_SMC_445 (Owner: BG_UF_Day_P.TheWorld:PersistentLevel.MeshCollector5) Outside World.
[0025.18] Log: Octree Warning (AddPrimitive): StaticMeshActor_SMC_619 (Owner: BG_UF_Day_P.TheWorld:PersistentLevel.MeshCollector7) Outside World.
[0025.18] Log: Octree Warning (AddPrimitive): StaticMeshActor_SMC_627 (Owner: BG_UF_Day_P.TheWorld:PersistentLevel.MeshCollector7) Outside World.
[0025.20] Log: Detected new XInput controller 0
[0025.20] Log: Detected new XInput controller 1
[0025.21] XPGatedPlaylists: Not currently in a party.
[0025.21] DevOnline: EOSSDK-LogEOSGameClips: No suitable h264 encoder found
[0025.21] DevOnline: EOSSDK-LogEOSGameClips: Recording not supported.
[0025.21] EOSGameClips: EOSGameClips: Availability changed from Pendi