Log: Log file open, 14/04/2025 16:17:17
Log: GPsyonixBuildID 250319.60456.478365
Log: Command line: -AUTH_LOGIN=unused -AUTH_PASSWORD=69b7b790a97b4f0994228878b27ebfe5 -AUTH_TYPE=exchangecode -epicapp=Sugar -epicenv=Prod -EpicPortal -epicusername=GambleGod777 -epicuserid=450f5cd6696b492fa38e8f26e8acd936 -epiclocale=en -epicsandboxid=9773aa1aa54f4f7b80e44bef04986cea
Init: WinSock: version 1.1 (2.2), MaxSocks=32767, MaxUdp=65467
Log:  ... running in INSTALLED mode
Init: Language extension: INT
Init: Language extension: INT
DevConfig: GConfig::LoadFile associated file:  ..\..\TAGame\Config\TAUI.ini
Init: Version: 250319.60456.478365
Init: Compiled (64-bit): Mar 19 2025 17:18:48
Init: Command line: -AUTH_LOGIN=unused -AUTH_PASSWORD=69b7b790a97b4f0994228878b27ebfe5 -AUTH_TYPE=exchangecode -epicapp=Sugar -epicenv=Prod -EpicPortal -epicusername=GambleGod777 -epicuserid=450f5cd6696b492fa38e8f26e8acd936 -epiclocale=en -epicsandboxid=9773aa1aa54f4f7b80e44bef04986cea
Init: Base directory: Z:\mnt\windows\Linux-games\rocketleague\rocketleague\Binaries\Win64\
[0001.13] Log: Purging 30-day cache '..\..\TAGame\Cache\WebCache\*.*'...
[0001.14] Log: Purging 3-day cache '..\..\TAGame\Logs\*.log'...
[0001.14] Init: Computer: archlinux
[0001.14] Init: User: steamuser
[0001.14] Init: CPU Page size=4096, Processors=12
[0001.14] Init: High frequency timer resolution =10.000000 MHz
[0001.14] Init: Memory total: Physical=30.5GB (31GB approx) Pagefile=34.5GB Virtual=131072.0GB
[0001.14] Init: Presizing for 138000 objects not considered by GC, pre-allocating 0 bytes.
[0001.14] Init: Object subsystem initialized
[0002.70] Log: Using feature set PrimeUpdate54
[0002.76] Log: FOnlineSubsystemEOS: EOS version = 1.17.22-40344262
[0002.76] DevOnline: EOS Platform CacheDirectory=C:\users\steamuser\AppData\Local\Rocket League\
[0002.76] DevOnline: EOSSDK-LogEOSOverlay: OverlayPath registry key not found
[0002.76] DevOnline: EOSSDK-LogEOSOverlay: Failed to initialize overlay module: PATH_NOT_CONFIGURED
[0002.76] DevOnline: EOSSDK-LogEOSAuth: FAccountPortalBrowserManager::Init: Failed to register overlay: EOS_NotConfigured
[0002.76] DevOnline: EOSSDK-LogEOSUI: Hot key event ignored because there are no known users.
[0002.76] Log: FEOSManager::UpdateNetworkStatus OnlineSubsystem is null.
[0002.82] Log: Found D3D11 adapter 0: AMD Radeon RX 7800 XT (RADV NAVI32)
[0002.82] Log: Adapter has 16368MB of dedicated video memory, 0MB of dedicated system memory, and 15592MB of shared system memory
[0002.83] Log: Found D3D11 adapter 1: AMD Radeon Graphics (RADV RAPHAEL_MENDOCINO)
[0002.83] Log: Adapter has 512MB of dedicated video memory, 0MB of dedicated system memory, and 10736MB of shared system memory
[0002.87] Log: Shader platform (RHI): PC-D3D-SM5
[0002.91] Breadcrumbs: Startup_PreInit: 2.909
[0002.92] Breadcrumbs: Startup_LoadGlobalShaders: 0.010
[0006.75] Log: ProductDatabase_TA::InitProductLabels  0.01 sec total.
[0008.28] Log: ProductDatabase_TA::UpdateAvailableProducts  1.54 sec total.
[0008.31] Breadcrumbs: Startup_LoadScriptPackages: 5.394
[0008.68] Breadcrumbs: Startup_LoadNonNativePackages: 0.370
[0008.69] Log: 148458 objects as part of root set at end of initial load.
[0008.69] Log: 0 out of 0 bytes used by permanent object pool.
[0008.69] Log: ShaderCache load stats: AccumLoadSeconds=(1.622) ShadersLoaded=(420973) Duplicates=(27846)
[0008.69] Log: Initializing Engine...
[0008.69] Log: BuildID: 1512972997 from GPsyonixBuildID
[0008.76] SystemSettings: Loading PC Settings
[0008.77] Breadcrumbs: Startup_BuildGuidCache: 0.087
[0008.78] Log: Running hardware survey...
[0008.78] Log: Wwise(R) SDK Version 2019.1.11 Build 7296. Copyright (c) 2006-2012 Audiokinetic Inc. / All Rights Reserved.
[0008.87] Log: OS: Microsoft Windows 10 Pro  (19043)
[0008.87] Breadcrumbs: Startup_ClientInit: 0.097
[0010.07] Log: WinSAT: 8.0 [8.0 CPU, 8.0 2D, 8.0 3D, 8.0 Mem, 8.0 Disk]
[0010.07] Log: Processor: AMD Ryzen 5 7600X 6-Core Processor (AMD64 Family 25 Model 97 Stepping 2) 6 Cores, 12 Threads
[0010.07] Log: Memory: 30.45GB
[0010.07] Log: VideoController: AMD Radeon RX 7800 XT (RADV NAVI32) (31.0.21902.5)
[0010.07] Log: Network Adapter: enp14s0
[0010.07] Log: Network Adapter: wlan0
[0010.07] Log: Network Adapter: docker0
[0010.07] Log: Network Adapter: vethbe1a284
[0010.07] Error: HardwareTest Query for SELECT Caption, Size, FreeSpace FROM Win32_LogicalDisk WHERE MediaType = 12 failed.  Error code: 0x80041001
[0010.07] Log: Sound Device: Wine Audio Device
[0010.07] Log: Hardware survey complete in 0.41 seconds.
[0010.07] Breadcrumbs: Startup_CreateViewport: 1.205
[0010.07] DevOnline: Created named interface (RecentPlayersList) of type (Engine.OnlineRecentPlayersList)
[0010.07] DevOnline: EOSSDK-LogEOSRTC: EOS_RTCAudio_GetAudioInputDevicesCount is deprecated. Use EOS_RTCAudio_QueryInputDevicesInformation with EOS_RTCAudio_GetInputDevicesCount instead.
[0010.09] DevOnline: EOSSDK-LogEOSRTC: EOS_RTCAudio_GetAudioInputDeviceByIndex is deprecated. Use EOS_RTCAudio_QueryInputDevicesInformation with EOS_RTCAudio_CopyInputDeviceInformationByIndex instead.
[0010.09] DevOnline: EOSSDK-LogEOSRTC: EOS_RTCAudio_GetAudioOutputDevicesCount is deprecated. Use EOS_RTCAudio_QueryOutputDevicesInformation with EOS_RTCAudio_GetOutputDevicesCount instead.
[0010.09] DevOnline: EOSSDK-LogEOSRTC: EOS_RTCAudio_GetAudioOutputDeviceByIndex is deprecated. Use EOS_RTCAudio_QueryOutputDevicesInformation with EOS_RTCAudio_CopyOutputDeviceInformationByIndex instead.
[0010.09] EOSGameClips: EOSGameClips: Activate called successfully.
[0010.09] EOSGameClips: EOSGameClips: Audio initialized successfully.
[0010.09] EOSGameClips: EOSGameClips: Subscribed to game clips status events successfully.
[0010.09] EOSGameClips: EOSGameClips: Subscribed to user status events successfully.
[0010.09] EOSGameClips: EOSGameClips: Successfully initialized!
[0010.09] ScriptLog: PsyNet using environment DBE_Production Prod
[0010.10] PsyNet: PsyNetConnection_X_0 disabled OSCS_ServiceUnavailable
[0010.10] PsyNetStaticData: HandleCacheExpired
[0010.10] PsyNetStaticData: HandleGetURL URL=(https://config.psynet.gg/v2/Config/BattleCars/1512972997/Prod/Epic/INT/)
[0010.10] PsyNetStaticData: Blocking sync start
[0010.10] DevOnline: WebRequest_X_0 SEND: https://config.psynet.gg/v2/Config/BattleCars/1512972997/Prod/Epic/INT/
[0010.27] DevOnline: WebRequest_X_0 RECV: 304 
[0010.27] PsyNetStaticData: Blocking sync complete. Elapsed=0.1739
[0010.27] PsyNetStaticData: HandleDataChanged
[0010.28] ScriptWarning: ScriptWarning, Assertion failed, line 36
	ContentConfig_TA Transient.Untitled_0.ContentConfig
	Function ProjectX.ContentConfig_X:Apply:01D5
Script call stack:
	Function ProjectX.OnlineConfigDispatcher_X:ApplyConfigObject
	Function TAGame.ContentConfig_TA:Apply
	Function ProjectX.ContentConfig_X:Apply

[0010.28] ScriptWarning: ScriptWarning, Assertion failed, line 36
	ContentConfig_TA Transient.Untitled_0.ContentConfig
	Function ProjectX.ContentConfig_X:Apply:01D5
Script call stack:
	Function ProjectX.OnlineConfigDispatcher_X:ApplyConfigObject
	Function TAGame.ContentConfig_TA:Apply
	Function ProjectX.ContentConfig_X:Apply

[0010.28] ScriptWarning: ScriptWarning, Assertion failed, line 36
	ContentConfig_TA Transient.Untitled_0.ContentConfig
	Function ProjectX.ContentConfig_X:Apply:01D5
Script call stack:
	Function ProjectX.OnlineConfigDispatcher_X:ApplyConfigObject
	Function TAGame.ContentConfig_TA:Apply
	Function ProjectX.ContentConfig_X:Apply

[0010.28] ScriptWarning: ScriptWarning, Assertion failed, line 36
	ContentConfig_TA Transient.Untitled_0.ContentConfig
	Function ProjectX.ContentConfig_X:Apply:01D5
Script call stack:
	Function ProjectX.OnlineConfigDispatcher_X:ApplyConfigObject
	Function TAGame.ContentConfig_TA:Apply
	Function ProjectX.ContentConfig_X:Apply

[0011.81] Log: ProductDatabase_TA::UpdateAvailableProducts  1.53 sec total.
[0021.55] Log: ProductDatabase_TA::InitProductLabels  0.01 sec total.
[0021.55] PsyNet: PsyNetConnection_X_0 enabled
[0021.55] PsyNetStaticData: UpdateCacheTimerEnabled CacheTimer.bEnabled=(True)
[0021.55] EOSGameClips: Construct Constructed EOSGameClipsManager_TA. Self=(EOSGameClipsManager_TA_0)
[0021.55] AuthPsyNetVerbose: New auth error. Error 'OSCS_NotConnected'
[0021.55] AuthPsyNetVerbose: OnlinePlayerAuthentication_TA_0 None Unknown|0|0 Logout
[0021.55] PsyNet: PsyNetConnection_X_1 disabled OSCS_NotConnected
[0021.55] AuthPsyNetVerbose: PsyNet connection status changed. Error 'OSCS_NotConnected'
[0021.55] AuthPsyNetVerbose: New auth error. Error 'OSCS_NotConnected'
[0021.55] AuthPsyNetVerbose: OnlinePlayerAuthentication_TA_0 LoggedOut Unknown|0|0 Logout
[0021.55] AuthPlatformCritical: Initiating auth. Player num '0', Name '', Password length '0'
[0021.55] ScriptLog: HandleBlockListStatusCreated Status=(PlatformBlockListStatus_0) ControllerId=(0)
[0021.55] AuthEpicCritical: Sending Eos login request with Credentials '{Version '4', Id Length '0', Token Length '32', Type 'EOS_LCT_ExchangeCode', SystemAuthCredentialsOptions null? 'Null', ExternalType 'EOS_ECT_EPIC'}'
[0021.56] SaveGame: Load Player.ControllerId=(0) SaveFileName=(..\..\TAGame\SaveDataEpic\DBE_Production\450f5cd6696b492fa38e8f26e8acd936.save)
[0021.57] Breadcrumbs: Startup_InitOnlineSubsystem: 11.494
[0021.57] DevNet: Browse: MENU_Main_p
[0021.57] Log: LoadMap: MENU_Main_p
[0021.57] Exit: XAudio2 Device shut down.
[0021.60] Log: Fully load package: ..\..\TAGame\CookedPCConsole\GameInfo_GFxMenu_SF.upk
[0021.67] Log: Fully load package: ..\..\TAGame\CookedPCConsole\GFxSounds_MainMenu_SF.upk
[0021.68] Log: Fully load package: ..\..\TAGame\CookedPCConsole\GFX_StartMenu_SF.upk
[0021.74] Log: Fully load package: ..\..\TAGame\CookedPCConsole\GFX_MainMenu_SF.upk
[0021.84] Log: Game class is 'GameInfo_GFxMenu_TA'
[0021.87] Log: Bringing World menu_main_p.TheWorld up for play (0) at 2025.04.14-16.17.38
[0021.87] Log: Flushing async loaders.
[0022.06] Log: Flushed async loaders.
[0022.07] Log: Bringing up level for play took: 0.215161
[0022.36] Log: ########### Finished loading level: 0.785535 seconds
[0022.42] Breadcrumbs: Startup_Browse: 0.851
[0022.42] Log: Initializing Engine Completed
[0022.42] Breadcrumbs: Startup_Total: 22.419
[0022.44] DevOnline: WebRequest_X_1 SEND: https://rl-cdn.psyonix.com/LogoImages/S18/rl_s18_logo_en_fuwi.png
[0022.45] SaveGame: HandleDataLoaded Result.Code=(BasicLoadResult_Success)
[0022.46] ScriptLog: NetworkSave_TA_0 ApplySettings ReplicationRate=60 NetSpeed=15000 InputRate=60
[0022.68] SaveData: Profile_TA_0 OnLoaded LocalID=(0)
[0022.68] SaveData: Profile_TA_1 OnLoaded LocalID=(1)
[0022.69] ScriptLog: GetDLCProducts, UnlockedDLCList=
[0022.81] ScriptLog: GetDLCProducts, UnlockedDLCList=
[0022.81] SaveGame: LocalPlayer_TA_0 HandleSaveDataLoaded 
[0023.01] Log: 


BakkesMod loaded


[0023.18] FTECritical: [GFx] Changed active tutorial from 'null' to 'NONE'. Tutorial active? 'false', New checkpoint active? 'false'
[0023.18] FTEVerbose: Checkpoint 'None' attempted completion while the FTE isn't active!
[0023.22] Log: Flushing async loaders.
[0023.62] Log: Flushed async loaders.
[0024.31] Log: Octree Warning (AddPrimitive): StaticMeshActor_SMC_445 (Owner: BG_UF_Day_P.TheWorld:PersistentLevel.MeshCollector5) Outside World.
[0024.31] Log: Octree Warning (AddPrimitive): StaticMeshActor_SMC_619 (Owner: BG_UF_Day_P.TheWorld:PersistentLevel.MeshCollector7) Outside World.
[0024.31] Log: Octree Warning (AddPrimitive): StaticMeshActor_SMC_627 (Owner: BG_UF_Day_P.TheWorld:PersistentLevel.MeshCollector7) Outside World.
[0024.32] Log: Detected new XInput controller 0
[0024.32] Log: Detected new XInput controller 1
[0024.33] XPGatedPlaylists: Not currently in a party.
[0024.33] DevOnline: EOSSDK-LogEOSGameClips: No suitable h264 encoder found
[0024.33] DevOnline: EOSSDK-LogEOSGameClips: Recording not supported.
[0024.33] EOSGameClips: EOSGameClips: Availability changed from Pending to NotAvailable.
[0024.33] Log: RPC Error (failure): Service=Filters/FilterContent, Type=OSCS_NotConnected, Code=-1, Message=
[0024.58] DevOnline: EOSSDK-LogEOSGameClips: Stop recording requested but recording is not available.
[0024.58] DevOnline: EOSSDK-LogEOSUI: Hot key event ignored because there are no known users.
[0024.73] DevOnline: WebRequest_X_1 RECV: 304 
[0024.76] DevOnline: EOSSDK-LogEOSEcom: Purchase flow is disabled due to overlay setup failure (EOS_NotConfigured).
[0024.76] DevOnline: EOSSDK-LogEOSUI: Hot key event ignored because there are no known users.
[0024.76] DevOnline: EOSSDK-LogEOSUI: Social overlay is disabled due to overlay setup failure (EOS_NotConfigured).
[0024.96] AuthEpicCritical: Eos login result 'EOS_Success' for player '0'
[0024.96] EOSGameClips: EOSGameClipsMetrics_TA_0.RecordAccountLinking()  - Errors[0] InAccountMetric.Errors[Index]=(GameClipsNotAvailable)
[0024.96] DevOnline: EOSSDK-LogEOSGameClips: Stop recording requested but recording is not available.
[0025.07] Log: Assigning XInput controller to 1
[0025.09] AuthEpicCritical: Connect login result 'EOS_Success' for player '450f5cd6696b492fa38e8f26e8acd936', local num '0'
[0025.09] AuthPlatformCritical: Login status changed for player '0' to 'LS_LoggedIn'
[0025.09] AuthPlatformVerbose: Login attempt concluded
[0025.09] FTEVerbose: [GFx] EULA sync started, waiting for response.
[0025.09] DevOnline: WebRequest_X_2 SEND: https://eulatracking-public-service-prod06.ol.epicgames.com/eulatracking/api/eos/v1/agreements/rocket_league/identities/450f5cd6696b492fa38e8f26e8acd936?locale=en
[0025.09] AuthEpicVerbose: Requesting cabined status for player '0'
[0025.09] DevOnline: WebRequest_X_3 SEND: https://api.epicgames.dev/epic/id/v1/accounts?accountId=450f5cd6696b492fa38e8f26e8acd936
[0025.09] PsyNet: PsyNetConnection_X_1 enabled
[0025.09] AuthPsyNetVerbose: PsyNet connection status changed. Error 'None'
[0025.09] AuthPsyNetVerbose: Transitioning to state 'RequestAuthCode'
[0025.09] AuthPsyNetCritical: Requesting auth ticket from platform for 'Epic|450f5cd6696b492fa38e8f26e8acd936|0'
[0025.09] AuthPsyNetCritical: Platform auth ticket completed with success 'True'
[0025.09] AuthPsyNetVerbose: Transitioning to state 'SendLoginRequest'
[0025.09] AuthPsyNetCritical: Sending login RPC for player '450f5cd6696b492fa38e8f26e8acd936' Auth ticket required? 'True'
[0025.09] AuthPsyNetCritical: Primary player ID? 'Epic|450f5cd6696b492fa38e8f26e8acd936|0' Logging In PlayerID '450f5cd6696b492fa38e8f26e8acd936'
[0025.09] Party: HandleLocalPlayerLoginStatusChanged PlayerName=GambleGod777 PlayerID=Epic|450f5cd6696b492fa38e8f26e8acd936|0 LoginStatus=LS_LoggedIn IsPrimary=True IsInParty=False
[0025.09] PsyNet: HTTP send ID=PsyNetMessage_X_0 Message=PsyNetMessage_X_0
[0025.09] DevOnline: WebRequest_X_4 SEND: https://api.rlpp.psynet.gg/rpc/Auth/AuthPlayer/v2
[0025.17] ScriptLog: GetDLCProducts, UnlockedDLCList=
[0025.20] XPGatedPlaylists: Not currently in a party.
[0025.27] DevOnline: WebRequest_X_3 RECV: 200 
[0025.27] AuthEpicVerbose: Cabined request completed for user '0' with result 'False', Error 'None'
[0025.27] ScriptLog: ChatFilterManager HandleSaveLoaded: [Error: Type:None] 
[0025.27] ScriptLog: ChatFilterManager: Updating Permissions for PlayerID: Epic|450f5cd6696b492fa38e8f26e8acd936|0 LocalPlayerNum: 0
[0025.27] ScriptLog: ChatFilterManager: Updating MostRestrictiveVoiceFilter [Save: ChatFilter_None] [Current: ChatFilter_All
[0025.27] ScriptLog: ChatFilterManager: Updating Permissions for PlayerID: Epic|450f5cd6696b492fa38e8f26e8acd936|0 LocalPlayerNum: 0
[0025.27] ScriptLog: ChatFilterManager: Updating MostRestrictiveVoiceFilter [Save: ChatFilter_None] [Current: ChatFilter_All
[0025.29] DevOnline: WebRequest_X_2 RECV: 204 
[0025.29] Log: Failed to parse JSON: offset:'0' 'The document is empty.'
[0025.29] Log: UJSONSerializer_X::DecodeObject() Failed: Object=EulaTextResponse Transient.EulaTextResponse_0
Json:

[0025.29] DevOnline: WebRequest_X_5 SEND: https://eulatracking-public-service-prod06.ol.epicgames.com/eulatracking/api/eos/v1/agreements/rocket_league?locale=en
[0025.29] FTEVerbose: [GFx] EULA sync response received.
[0025.36] XPGatedPlaylists: Not currently in a party.
[0025.37] DevOnline: WebRequest_X_5 RECV: 200 
[0025.52] DevOnline: WebRequest_X_4 RECV: 200 
[0025.52] PsyNet: HTTP recv ID=PsyNetMessage_X_0 Message=PsyNetMessage_X_1
[0025.53] AuthPsyNetCritical: PsyNet auth RPC succeeded for player '450f5cd6696b492fa38e8f26e8acd936'
[0025.53] AuthPsyNetVerbose: Transitioning to state 'LoggedIn'
[0025.53] AuthPsyNetCritical: Login successful for player '450f5cd6696b492fa38e8f26e8acd936'
[0025.53] Auth: OnlinePlayer_TA_0 OnlinePlayerAuthentication_TA_0 HandleAuthLoginChange Auth.bLoggedIn=(True)
[0025.53] PsyNet: Enabling PerCon
[0025.53] PsyNet: PsyNetConnection_X_1 SetAuthorized bAuthorized=True
[0025.53] RankedReconnect: LocalPlayer_TA_0.CheckForRankedReconnect() bOpenedStartMenu=(False) IsMenuLevel=(True) bLoggedIn=(True) IsPrimaryPlayer=(True) RankedReconnectAvailable=(False) EpochTime=(0) EpochNow=(1744661861) TimeSince=(1744661861) ReconnectTimeoutSeconds=(900) Reservation=()
[0025.63] XPGatedPlaylists: Not currently in a party.
[0025.68] PsyNet: PsyNetMessengerWebSocket_X_0 Connected
[0025.68] PsyNet: PsyNetConnection_X_1 UpdateConnectionState bConnected=(True) bFreshConnection=(True)
[0025.68] DevOnline: WebRequest_X_6 SEND: https://api.kws.ol.epicgames.com/v1/epic-settings/public/users/450f5cd6696b492fa38e8f26e8acd936/values?game=rl
[0025.68] DevOnline: EOSSDK-LogEOSRTC: EOS_RTCAudio_SetAudioInputSettings is deprecated. Use EOS_RTCAudio_SetInputDeviceSettings instead.
[0025.68] DevOnline: EOSSDK-LogEOSRTC: EOS_RTCAudio_SetAudioOutputSettings is deprecated. Use EOS_RTCAudio_SetOutputDeviceSettings instead.
[0025.68] DevOnline: WebRequest_X_7 SEND: https://api.epicgames.dev/epic/friends/v1/450f5cd6696b492fa38e8f26e8acd936/blocklist
[0025.68] DevOnline: PlayerDataStorage_QueryFileList: Beginning to query files. User=(450f5cd6696b492fa38e8f26e8acd936)
[0025.68] PsyNetBeaconDetail_X: PsyNetBeacon_X_0 SetPsyNetConnection InPsyNetConnection=(PsyNetConnection_X_1)
[0025.68] PsyNet: PsyNetConnection_X_1 UpdateConnectionState bPerConConnected=(True)
[0025.73] DevOnline: WebRequest_X_7 RECV: 200 
[0025.77] DevOnline: PlayerDataStorage_QueryFileList: Finished querying files. User=(450f5cd6696b492fa38e8f26e8acd936) Success=(1)
[0025.77] DevOnline: PlayerDataStorage_ReadFile: Beginning to download file. User=(450f5cd6696b492fa38e8f26e8acd936) FileName=(RLSaveData)
[0025.80] ScriptLog: ListenForBlockListDownloaded PrimaryStatus=(PlatformBlockListStatus_0) PrimaryStatus.DownloadStatus=(EB_Pending)
[0025.82] ScriptLog: HandleStatusChanged PrimaryStatus.DownloadStatus=(EB_Success) ControllerId=(0)
[0025.88] DevOnline: WebRequest_X_6 RECV: 200 
[0025.88] ScriptLog: Setting.Namespace: stats, Setting.SettingName: show-in-leaderboard
[0025.88] ScriptLog: Setting.Namespace: profile, Setting.SettingName: require-pin-to-add-friend
[0025.88] EOSPermissions: NS=profile SN=require-pin-to-add-friend PL=False EL=null DV=False IV=False
[0025.88] ScriptLog: Setting.Namespace: profile, Setting.SettingName: p2p-trading
[0025.88] ScriptLog: Setting.Namespace: chat, Setting.SettingName: voice
[0025.88] EOSPermissions: NS=chat SN=voice PL=0 EL=null DV=0 IV=0
[0025.88] ScriptLog: Setting.Namespace: chat, Setting.SettingName: text
[0025.88] EOSPermissions: NS=chat SN=text PL=0 EL=null DV=0 IV=0
[0025.88] ScriptLog: Setting.Namespace: chat, Setting.SettingName: enhanced-voice-reporting
[0025.88] EOSPermissions: NS=chat SN=enhanced-voice-reporting PL=null EL=null DV=prefer-not-recording IV=0
[0025.88] ScriptLog: Setting.Namespace: prm, Setting.SettingName: marketing
[0025.88] EOSPermissions: NS=prm SN=marketing PL=null EL=True DV=True IV=True
[0025.88] ScriptLog: Setting.Namespace: prm, Setting.SettingName: experience
[0025.88] DevOnline: WebRequest_X_8 SEND: https://api.epicgames.dev/epic/friends/v1/450f5cd6696b492fa38e8f26e8acd936/outgoing
[0025.92] DevOnline: WebRequest_X_9 SEND: https://rl-cdn.psyonix.com/ChallengeIcons/Challenge_Play.jpg
[0025.92] DevOnline: WebRequest_X_10 SEND: https://rl-cdn.psyonix.com/ChallengeIcons/Challenge_Shot.jpg
[0025.92] DevOnline: WebRequest_X_11 SEND: https://rl-cdn.psyonix.com/ChallengeIcons/Challenge_Save.jpg
[0025.92] DevOnline: WebRequest_X_12 SEND: https://rl-cdn.psyonix.com/ChallengeIcons/Challenge_Center.jpg
[0025.92] DevOnline: WebRequest_X_13 SEND: https://rl-cdn.psyonix.com/ChallengeIcons/Challenge_Win.jpg
[0025.92] DevOnline: WebRequest_X_14 SEND: https://rl-cdn.psyonix.com/ChallengeIcons/Challenge_AerialGoal.jpg
[0025.92] DevOnline: WebRequest_X_15 SEND: https://rl-cdn.psyonix.com/ChallengeIcons/Challenge_SAG.jpg
[0025.92] DevOnline: WebRequest_X_16 SEND: https://rl-cdn.psyonix.com/ChallengeIcons/Challenge_Clear.jpg
[0025.92] DevOnline: WebRequest_X_17 SEND: https://rl-cdn.psyonix.com/ChallengeIcons/Challenge_Goal.jpg
[0025.92] DevOnline: WebRequest_X_18 SEND: https://rl-cdn.psyonix.com/ChallengeBanners/NUX_Popup_Octane.png
[0025.93] DevOnline: WebRequest_X_19 SEND: https://rl-cdn.psyonix.com/ChallengeBanners/Season_imagery_Reward.png
[0025.93] DevOnline: WebRequest_X_20 SEND: https://rl-cdn.psyonix.com/RocketPass/Images/S18/rl_s18_challengedashboard_uhcow.png
[0025.96] DevOnline: WebRequest_X_8 RECV: 200 
[0025.97] Log: Flushing async loaders.
[0025.99] Log: Flushed async loaders.
[0026.05] DevOnline: WebRequest_X_21 SEND: https://rl-cdn.psyonix.com/Playlists/Images/rl_event_mode_bg_heatseeker.jpg
[0026.06] DevOnline: WebRequest_X_22 SEND: https://rl-cdn.psyonix.com/Playlists/Images/rl_event_mode_bg_DropshotRumble.jpg
[0026.07] DevOnline: WebRequest_X_23 SEND: https://rl-cdn.psyonix.com/Playlists/Images/rl_knockout_bash_2022_playlist_details_image.jpg
[0026.11] DevOnline: WebRequest_X_9 RECV: 304 
[0026.11] DevOnline: WebRequest_X_10 RECV: 304 
[0026.11] DevOnline: WebRequest_X_12 RECV: 304 
[0026.12] DevOnline: WebRequest_X_13 RECV: 304 
[0026.12] DevOnline: WebRequest_X_16 RECV: 304 
[0026.12] DevOnline: WebRequest_X_18 RECV: 304 
[0026.12] DevOnline: WebRequest_X_19 RECV: 304 
[0026.12] DevOnline: WebRequest_X_20 RECV: 304 
[0026.13] DevOnline: WebRequest_X_17 RECV: 304 
[0026.14] DevOnline: WebRequest_X_14 RECV: 304 
[0026.14] DevOnline: WebRequest_X_15 RECV: 304 
[0026.15] DevOnline: WebRequest_X_11 RECV: 304 
[0026.15] ScriptLog: RegionPinger_X_0 PingRegions ("13.245.13.194:7975","18.166.63.217:8003","52.195.4.82:7923","52.66.228.189:7743","47.129.125.185:7967","54.252.79.27:8513","3.66.156.146:8471","16.170.201.125:8061","52.209.167.132:7867","18.134.130.253:8943","13.38.117.48:8045","16.24.173.15:8181","15.228.111.102:9035","3.81.127.53:8063","3.145.32.142:7859","18.88.32.28:8223","54.241.45.159:8609","35.93.52.66:8125")
[0026.17] DevOnline: WebRequest_X_21 RECV: 304 
[0026.17] DevOnline: WebRequest_X_23 RECV: 304 
[0026.19] DevOnline: WebRequest_X_22 RECV: 304 
[0026.30] DevOnline: PlayerDataStorage_ReadFile: File download complete. User=(450f5cd6696b492fa38e8f26e8acd936) FileName=(RLSaveData) Success=(1)
[0026.30] EOSSync: HandleFileReadComplete LocalSaveTick: 4795
[0026.30] EOSSync: HandleFileReadComplete OnlineSaveTick: 4789
[0026.30] EOSSync: HandleFileReadComplete Local Save is up to date, keeping this file
[0026.31] Log: Resetting full product sync timestamp because these productIDs were not found: 6222 6232 6215 6219 617 668 1017 
[0026.31] ScriptLog: NewProductIDs128: 
[0026.31] ScriptLog: GetDLCProducts, UnlockedDLCList=
[0026.41] AuthEpicVerbose: Epic save data loaded
[0026.41] AuthEpicVerbose: [GFx] Epic login changed. m_uiState:StartMenu bPromptParentalConsent:false bPromptToChoosePrimaryAccount:false bEpicSaveDataLoaded:true bPlatformLinked:true
[0026.41] ScriptLog: GetDLCProducts, UnlockedDLCList=
[0026.41] DevOnline: WebRequest_X_24 SEND: https://rl-cdn.psyonix.com/Legal/PC/PrivacyPolicy/INT.txt
[0026.41] DevOnline: WebRequest_X_25 SEND: https://rl-cdn.psyonix.com/Legal/PC/ToS/INT.txt
[0026.41] DevOnline: WebRequest_X_26 SEND: https://rl-cdn.psyonix.com/Legal/PC/SCT/INT.txt
[0026.41] DevOnline: WebRequest_X_27 SEND: https://rl-cdn.psyonix.com/Legal/PC/PaymentServices/INT.txt
[0026.45] DevOnline: WebRequest_X_27 RECV: 304 
[0026.46] DevOnline: WebRequest_X_24 RECV: 304 
[0026.46] DevOnline: WebRequest_X_25 RECV: 304 
[0026.47] DevOnline: WebRequest_X_26 RECV: 304 
[0027.11] Matchmaking: All Regions Pinged: USE (1.0000),USC (1.0000),USW (1.0000),EU (1.0000),ASC (1.0000),ASM (1.0000),JPN (1.0000),ME (1.0000),OCE (1.0000),SAF (1.0000),SAM (1.0000),IND (1.0000),SAF1 (0.2621),ASC1 (0.2363),JPN1 (0.1167),IND1 (0.2265),ASM1 (0.2394),OCE1 (0.2252),EU5 (0.0804),EU1 (0.0804),EU3 (0.0623),EU7 (0.0623),EU9 (0.0444),ME1 (0.2037),SAM1 (0.1498),USE1 (0.0235),USE3 (0.0088),USC1 (0.0088),USW1 (0.0989),USW3 (0.1165)
[0027.11] Matchmaking: Failed to ping 'USE'. Using cached ping '0.0278'
[0027.11] Matchmaking: Failed to ping 'USC'. Using cached ping '0.0611'
[0027.11] Matchmaking: Failed to ping 'USW'. Using cached ping '0.1167'
[0027.11] Matchmaking: Failed to ping 'ASC'. Using cached ping '0.2445'
[0027.11] Matchmaking: Failed to ping 'ASM'. Using cached ping '0.2445'
[0027.11] Matchmaking: Failed to ping 'JPN'. Using cached ping '0.1778'
[0027.11] Matchmaking: Failed to ping 'ME'. Using cached ping '0.1945'
[0027.11] Matchmaking: Failed to ping 'OCE'. Using cached ping '0.2278'
[0027.11] Matchmaking: Failed to ping 'SAF'. Using cached ping '0.2778'
[0027.11] Matchmaking: Failed to ping 'SAM'. Using cached ping '0.1445'
[0027.11] Matchmaking: Failed to ping 'IND'. Using cached ping '0.2222'
[0027.11] Log: FCacheExportTask(..\..\TAGame\Cache\RegionCache.cache) wrote 2702 bytes to memory
[0027.21] Legacy: State Set
[0027.21] FTEVerbose: [GFx] Checking FTE progress: Shown login flow 'false', Legal modal valid? 'true', Online? 'true', Cabined state '0', Legacy state '3'
[0027.21] FTEDev: Trying to start FTE Group Prime_InitialStartup which is already completed and cannot be restarted CurrentActiveGroup.bCanBeDoneAgain=(False) bIgnoreCompletion=(False)
[0027.21] AuthEpicVerbose: [GFx] Showing login flow. Platform linked? 'true' Prompt for epic link? 'false' Prompt for primary? 'false' Prompt for parental consent? 'false' Epic data loaded? 'true' Showing epic flow? 'false'
[0027.21] AuthEpicVerbose: [GFx] Epic flow completed 'false'
[0027.21] FTEVerbose: [GFx] Checking FTE progress: Shown login flow 'true', Legal modal valid? 'true', Online? 'true', Cabined state '0', Legacy state '3'
[0027.21] FTEDev: Trying to start FTE Group Prime_InitialStartup which is already completed and cannot be restarted CurrentActiveGroup.bCanBeDoneAgain=(False) bIgnoreCompletion=(False)
[0027.21] FTE: Starting Group:Prime_LegalText at Checkpoint:FTE_PrimaryPlayerIsXboxGuest
[0027.21] FTE: CompleteCheckpoint GroupName=(Prime_LegalText) CheckpointName=(FTE_PrimaryPlayerIsXboxGuest)
[0027.21] FTE: Moving to Checkpoint:FTE_PrivacyPolicy
[0027.21] FTE: CompleteCheckpoint GroupName=(Prime_LegalText) CheckpointName=(FTE_PrivacyPolicy)
[0027.21] FTE: Moving to Checkpoint:FTE_EulaText
[0027.21] FTEVerbose: [GFx] Checking FTE progress: Shown login flow 'true', Legal modal valid? 'true', Online? 'true', Cabined state '0', Legacy state '3'
[0027.21] FTEDev: Trying to start FTE Group Prime_InitialStartup while another Group Prime_LegalText is active
[0027.21] Eula: RequiresAcceptance? EulaConfig?.bRequiresAcceptance=(True) GetUISave()?.Contains('bAcceptedOfflineEULA')=(True) Eula.SyncState=(LSS_Accepted)
[0027.21] FTE: CompleteCheckpoint GroupName=(Prime_LegalText) CheckpointName=(FTE_EulaText)
[0027.21] FTE: CompleteActiveGroup GroupName:Prime_LegalText
[0027.21] FTEVerbose: [GFx] Checking FTE progress: Shown login flow 'true', Legal modal valid? 'true', Online? 'true', Cabined state '0', Legacy state '3'
[0027.21] FTEDev: Trying to start FTE Group Prime_InitialStartup which is already completed and cannot be restarted CurrentActiveGroup.bCanBeDoneAgain=(False) bIgnoreCompletion=(False)
[0027.21] FTEVerbose: [GFx] Checking FTE progress: Shown login flow 'true', Legal modal valid? 'true', Online? 'true', Cabined state '0', Legacy state '3'
[0027.21] FTEDev: Trying to start FTE Group Prime_InitialStartup which is already completed and cannot be restarted CurrentActiveGroup.bCanBeDoneAgain=(False) bIgnoreCompletion=(False)
[0027.21] DevOnline: Request EOS to show voice agreement for player 0
[0027.21] DevOnline: EOSSDK-LogEOSUI: EOS_UI_PromptVoiceTerms: Social Overlay voice moderation feature in unexpected disabled state.
[0027.21] FTEDev: Trying to start FTE Group Prime_FreeToPlayTutorial_1 which is already completed and cannot be restarted CurrentActiveGroup.bCanBeDoneAgain=(False) bIgnoreCompletion=(False)
[0027.22] FTEVerbose: [GFx] Checking FTE progress: Shown login flow 'true', Legal modal valid? 'true', Online? 'true', Cabined state '0', Legacy state '3'
[0027.22] FTEDev: Trying to start FTE Group Prime_InitialStartup which is already completed and cannot be restarted CurrentActiveGroup.bCanBeDoneAgain=(False) bIgnoreCompletion=(False)
[0027.22] FTEVerbose: [GFx] Checking FTE progress: Shown login flow 'true', Legal modal valid? 'true', Online? 'true', Cabined state '0', Legacy state '3'
[0027.22] FTEDev: Trying to start FTE Group Prime_InitialStartup which is already completed and cannot be restarted CurrentActiveGroup.bCanBeDoneAgain=(False) bIgnoreCompletion=(False)
[0027.22] FTEDev: Trying to start FTE Group Prime_FreeToPlayTutorial_1 which is already completed and cannot be restarted CurrentActiveGroup.bCanBeDoneAgain=(False) bIgnoreCompletion=(False)
[0027.22] FTECritical: [GFx] Changed active tutorial from 'null' to 'NONE'. Tutorial active? 'false', New checkpoint active? 'false'
[0027.22] FTEVerbose: Checkpoint 'None' attempted completion while the FTE isn't active!
[0027.22] FTEVerbose: [GFx] Checking FTE progress: Shown login flow 'true', Legal modal valid? 'true', Online? 'true', Cabined state '0', Legacy state '3'
[0027.22] FTEDev: Trying to start FTE Group Prime_InitialStartup which is already completed and cannot be restarted CurrentActiveGroup.bCanBeDoneAgain=(False) bIgnoreCompletion=(False)
[0027.22] FTEDev: Trying to start FTE Group Prime_FreeToPlayTutorial_1 which is already completed and cannot be restarted CurrentActiveGroup.bCanBeDoneAgain=(False) bIgnoreCompletion=(False)
[0027.22] Eula: RequiresAcceptance? EulaConfig?.bRequiresAcceptance=(True) GetUISave()?.Contains('bAcceptedOfflineEULA')=(True) Eula.SyncState=(LSS_Accepted)
[0027.22] AuthEpicVerbose: [GFx] Epic login changed. m_uiState:MainMenu bPromptParentalConsent:false bPromptToChoosePrimaryAccount:false bEpicSaveDataLoaded:false bPlatformLinked:false
[0027.22] FTEDev: Trying to start FTE Group Prime_MatchComplete which is already completed and cannot be restarted CurrentActiveGroup.bCanBeDoneAgain=(False) bIgnoreCompletion=(False)
[0027.22] FTEDev: Group Prime_LegacyUpdate Is not meant for users of type FTESave.LegacyGroupType=(LGT_NewUser)
[0027.27] RankedReconnect: LocalPlayer_TA_0.CheckForRankedReconnect() bOpenedStartMenu=(True) IsMenuLevel=(True) bLoggedIn=(True) IsPrimaryPlayer=(True) RankedReconnectAvailable=(False) EpochTime=(0) EpochNow=(1744661863) TimeSince=(1744661863) ReconnectTimeoutSeconds=(900) Reservation=()
[0027.27] MTX: ConditionalClaimEntitlements bAllowEntitlements=(True) bClaimingEntitlements=(False) bEntitlementsDirty=(True) PsyNetConnected=(True) SplitscreenID=(0) bMtxCodeExpired=(False)
[0027.27] MTX: HandleMtxCode bSuccess=True
[0027.30] DevOnline: WebRequest_X_28 SEND: https://rl-cdn.psyonix.com/Blog/Images/RL_U54_S18_3panel_MiddlePanel_Live.png
[0027.30] DevOnline: WebRequest_X_29 SEND: https://rl-cdn.psyonix.com/Blog/Images/EN_U54.1RL_Mamba_TriNewsPanel_672x840.png
[0027.31] DevOnline: WebRequest_X_30 SEND: https://rl-cdn.psyonix.com/Blog/Images/RL_U54_S18_3panel_MiddlePanel_Announce_v2.png
[0027.32] Log: FSaveDataExportTask(0) wrote 862149 bytes to memory
[0027.32] Log: SaveGameDataAsync game thread time: 4 ms
[0027.33] Log: Deleting old save file ..\..\TAGame\SaveDataEpic\DBE_Production\450f5cd6696b492fa38e8f26e8acd936_2.save
[0027.33] Log: SaveDataExport(0): Finished - File:[..\..\TAGame\SaveDataEpic\DBE_Production\450f5cd6696b492fa38e8f26e8acd936_1.save] Result:[1]
[0027.35] DevOnline: WebRequest_X_28 RECV: 304 
[0027.36] DevOnline: WebRequest_X_29 RECV: 304 
[0027.36] DevOnline: WebRequest_X_30 RECV: 304 
[0027.49] MTX: HandleClaimSuccess Products=0
[0027.92] EOSVoice: HandleFriendsListChanged
[0030.05] SplitScreen: Press Start ControllerId=1 Player=None
[0030.05] SplitScreen: TryToCreateSplitScreenPlayer ControllerId=1
[0030.06] EOSPermissions: Set guest permissions for Unknown|0|0 to: Permissions.TextChat=(CPL_Everybody) Permissions.VoiceChat=(CPL_Everybody)
[0030.06] AuthPsyNetVerbose: New auth error. Error 'OSCS_NotConnected'
[0030.06] AuthPsyNetVerbose: OnlinePlayerAuthentication_TA_1 None Unknown|0|0 Logout
[0030.06] PsyNet: PsyNetConnection_X_2 disabled OSCS_NotConnected
[0030.06] AuthPsyNetVerbose: PsyNet connection status changed. Error 'OSCS_NotConnected'
[0030.06] AuthPsyNetVerbose: New auth error. Error 'OSCS_NotConnected'
[0030.06] AuthPsyNetVerbose: OnlinePlayerAuthentication_TA_1 LoggedOut Unknown|0|0 Logout
[0030.06] AuthPlatformCritical: Initiating auth. Player num '1', Name '', Password length '0'
[0030.06] ScriptLog: HandleBlockListStatusCreated Status=(PlatformBlockListStatus_1) ControllerId=(1)
[0030.06] AuthEpicCritical: Skipping login attempt - using local profile
[0030.06] AuthPlatformCritical: Login status changed for player '1' to 'LS_UsingLocalProfile'
[0030.06] AuthPlatformVerbose: Login attempt concluded
[0030.06] AuthPsyNetVerbose: OnlinePlayerAuthentication_TA_1 LoggedOut Epic|450f5cd6696b492fa38e8f26e8acd936|1 Logout
[0030.06] AuthPsyNetVerbose: New auth error. Error 'OSCS_NotConnected'
[0030.06] AuthPsyNetVerbose: OnlinePlayerAuthentication_TA_1 LoggedOut Epic|450f5cd6696b492fa38e8f26e8acd936|1 Logout
[0030.06] Party: HandleLocalPlayerLoginStatusChanged PlayerName=GambleGod777(1) PlayerID=Epic|450f5cd6696b492fa38e8f26e8acd936|1 LoginStatus=LS_UsingLocalProfile IsPrimary=False IsInParty=False
[0030.06] SaveGame: LocalPlayer_TA_1 HandleSaveDataLoaded 
[0030.11] ScriptWarning: ScriptWarning, Accessed None
	GFxData_RocketPass_TA Transient.GFxData_RocketPass_TA_1
	Function TAGame.GFxData_RocketPass_TA:OnShellSet:0090
Script call stack:
	Function TAGame.GFxData_RocketPass_TA:OnShellSet

[0030.11] RankedReconnect: LocalPlayer_TA_1.CheckForRankedReconnect() bOpenedStartMenu=(True) IsMenuLevel=(True) bLoggedIn=(False) IsPrimaryPlayer=(False) RankedReconnectAvailable=(False) EpochTime=(0) EpochNow=(1744661866) TimeSince=(1744661866) ReconnectTimeoutSeconds=(900) Reservation=()
[0030.32] ScriptWarning: ScriptWarning, Accessed None 'EOSMetricHeartbeat'
	PlayerController_Menu_TA menu_main_p.TheWorld:PersistentLevel.PlayerController_Menu_TA_1
	Function TAGame.PlayerController_Menu_TA:ClientSetOnlineStatus:00D4
Script call stack:
	Function Engine.GameInfo:PostLogin
	Function TAGame.GameInfo_GFxMenu_TA:GenericPlayerInitialization
	Function TAGame.PlayerController_Menu_TA:ClientSetOnlineStatus

[0030.32] ScriptLog: ChatFilterManager HandleSaveLoaded: [Error: Type:None] 
[0030.32] ScriptLog: ChatFilterManager: Updating Permissions for PlayerID: Epic|450f5cd6696b492fa38e8f26e8acd936|0 LocalPlayerNum: 0
[0030.32] ScriptLog: ChatFilterManager: Updating MostRestrictiveVoiceFilter [Save: ChatFilter_None] [Current: ChatFilter_All
[0030.32] ScriptLog: ChatFilterManager: Updating Permissions for PlayerID: Epic|450f5cd6696b492fa38e8f26e8acd936|1 LocalPlayerNum: 1
[0030.32] ScriptLog: ChatFilterManager: Updating Permissions for PlayerID: Epic|450f5cd6696b492fa38e8f26e8acd936|0 LocalPlayerNum: 0
[0030.32] ScriptLog: ChatFilterManager: Updating MostRestrictiveVoiceFilter [Save: ChatFilter_None] [Current: ChatFilter_All
[0030.32] ScriptLog: ChatFilterManager: Updating Permissions for PlayerID: Epic|450f5cd6696b492fa38e8f26e8acd936|1 LocalPlayerNum: 1
[0030.32] SplitScreen:   ErrorString=
[0030.32] Eula: RequiresAcceptance? EulaConfig?.bRequiresAcceptance=(True) GetUISave()?.Contains('bAcceptedOfflineEULA')=(True) Eula.SyncState=(LSS_Accepted)
[0030.32] FTECritical: [GFx] Changed active tutorial from 'null' to 'NONE'. Tutorial active? 'false', New checkpoint active? 'false'
[0030.32] ScriptWarning: ScriptWarning, Assertion failed, line 34
	GFxData_FirstTimeExperience_TA Transient.GFxData_FirstTimeExperience_T