Launching "Rocket League®" (legendary)
Native? No
Installed in: /mnt/windows/Linux-games/rocketleague/rocketleague

System Info:
CPU: 12x AMD Ryzen 5 7600X 6-Core Processor
Memory: 32.7 GB (used: 5.98 GB)
GPUs:
  GPU 0:
    Name: Advanced Micro Devices, Inc. [AMD/ATI] Raphael
    IDs: D=164e V=1002 SD=7e26 SV=1462
    Driver: amdgpu
  GPU 1:
    Name: Advanced Micro Devices, Inc. [AMD/ATI] Navi 32 [Radeon RX 7700 XT / 7800 XT]
    IDs: D=747e V=1002 SD=2413 SV=1458
    Driver: amdgpu
OS: Arch Linux 6.14.2-arch1-1 (linux)

The current system is not a Steam Deck
We are not running inside a Flatpak container

Software Versions:
  Heroic: 2.16.1 Scopper Gaban
  Legendary: 0.20.36 Urban Flight (Heroic)
  gogdl: 1.1.2
  comet: comet 0.2.0
  Nile: 1.1.2 Will A. Zeppeli

Game Settings: {
	"autoInstallDxvk": true,
	"autoInstallDxvkNvapi": false,
	"autoInstallVkd3d": true,
	"preferSystemLibs": false,
	"enableEsync": true,
	"enableMsync": false,
	"enableFsync": true,
	"launcherArgs": "",
	"nvidiaPrime": false,
	"offlineMode": false,
	"enviromentOptions": [
		{
			"key": "Steam-overlay",
			"value": "STEAM_COMPAT_CLIENT_INSTALL_PATH=\"$HOME/.var/app/com.valvesoftware.Steam/data/Steam\""
		}
	],
	"wrapperOptions": [],
	"showFps": false,
	"targetExe": "/mnt/windows/Linux-games/rocketleague/BakkesMod/runbakkasmodlinux.bat",
	"useGameMode": false,
	"useSteamRuntime": false,
	"battlEyeRuntime": true,
	"eacRuntime": true,
	"language": "",
	"beforeLaunchScriptPath": "",
	"afterLaunchScriptPath": "",
	"verboseLogs": false,
	"wineVersion": {
		"bin": "/home/vearnx/.var/app/com.valvesoftware.Steam/.local/share/Steam/compatibilitytools.d/GE-Proton9-23/proton",
		"name": "Proton - GE-Proton9-23",
		"type": "proton"
	},
	"winePrefix": "/home/vearnx/Games/Heroic/Prefixes/default/Rocket League",
	"wineCrossoverBottle": "",
	"enableDXVKFpsLimit": false
}

Game launched at: Mon Apr 14 2025 16:18:09 GMT-0400 (Eastern Daylight Time)

Winetricks packages: 

Launch Command: HEROIC_APP_NAME=Sugar HEROIC_APP_RUNNER=legendary GAMEID=umu-0 HEROIC_APP_SOURCE=epic STORE=egs STEAM_COMPAT_INSTALL_PATH=/mnt/windows/Linux-games/rocketleague/rocketleague Steam-overlay=STEAM_COMPAT_CLIENT_INSTALL_PATH="$HOME/.var/app/com.valvesoftware.Steam/data/Steam" LD_PRELOAD= STEAM_COMPAT_CLIENT_INSTALL_PATH=/home/vearnx/.steam/steam WINEPREFIX="/home/vearnx/Games/Heroic/Prefixes/default/Rocket League" STEAM_COMPAT_DATA_PATH="/home/vearnx/Games/Heroic/Prefixes/default/Rocket League" PROTONPATH=/home/vearnx/.var/app/com.valvesoftware.Steam/.local/share/Steam/compatibilitytools.d/GE-Proton9-23 WINE_FULLSCREEN_FSR=0 PROTON_DISABLE_NVAPI=1 PROTON_EAC_RUNTIME=/home/vearnx/.config/heroic/tools/runtimes/eac_runtime PROTON_BATTLEYE_RUNTIME=/home/vearnx/.config/heroic/tools/runtimes/battleye_runtime STEAM_COMPAT_APP_ID=0 SteamAppId=0 SteamGameId=heroic-rocketleague PROTON_LOG_DIR=/home/vearnx /opt/Heroic/resources/app.asar.unpacked/build/bin/x64/linux/legendary launch Sugar --no-wine --wrapper " "/home/vearnx/.var/app/com.valvesoftware.Steam/.local/share/Steam/compatibilitytools.d/GE-Proton9-23/proton" waitforexitandrun" --language en --override-exe /mnt/windows/Linux-games/rocketleague/BakkesMod/runbakkasmodlinux.bat

Game Log:
IMPORTANT: Logs are disabled.
Enable verbose logs in Game's settings > Advanced tab > 'Enable verbose logs' before reporting an issue.

============= End of log =============